

Microchip MPLAB XC8 Assembler V2.40 build 20220703182018 
                                                                                               Fri Feb 10 12:49:56 2023

Microchip MPLAB XC8 C Compiler v2.40 (Free license) build 20220703182018 Og1 
     1                           	processor	16F887
     2                           	pagewidth 120
     3                           	opt	flic
     4                           	psect	cinit,global,class=CODE,merge=1,delta=2
     5                           	psect	bssCOMMON,global,class=COMMON,space=1,delta=1,noexec
     6                           	psect	cstackCOMMON,global,class=COMMON,space=1,delta=1,noexec
     7                           	psect	maintext,global,class=CODE,split=1,delta=2
     8                           	psect	text1,local,class=CODE,merge=1,delta=2
     9                           	psect	text2,local,class=CODE,merge=1,delta=2
    10                           	psect	text3,local,class=CODE,merge=1,delta=2
    11                           	psect	text4,local,class=CODE,merge=1,delta=2
    12                           	psect	text5,local,class=CODE,merge=1,delta=2
    13                           	psect	text6,local,class=CODE,merge=1,delta=2
    14                           	psect	intentry,global,class=CODE,delta=2
    15                           	psect	idloc,global,abs,ovrld,class=IDLOC,space=5,delta=2,noexec
    16                           	psect	config,global,abs,ovrld,class=CONFIG,space=4,delta=2,noexec
    17                           	dabs	1,0x7E,2
    18     0000                     
    19                           ; Version 2.40
    20                           ; Generated 17/11/2021 GMT
    21                           ; 
    22                           ; Copyright © 2021, Microchip Technology Inc. and its subsidiaries ("Microchip")
    23                           ; All rights reserved.
    24                           ; 
    25                           ; This software is developed by Microchip Technology Inc. and its subsidiaries ("Microch
      +                          ip").
    26                           ; 
    27                           ; Redistribution and use in source and binary forms, with or without modification, are
    28                           ; permitted provided that the following conditions are met:
    29                           ; 
    30                           ;     1. Redistributions of source code must retain the above copyright notice, this lis
      +                          t of
    31                           ;        conditions and the following disclaimer.
    32                           ; 
    33                           ;     2. Redistributions in binary form must reproduce the above copyright notice, this 
      +                          list
    34                           ;        of conditions and the following disclaimer in the documentation and/or other
    35                           ;        materials provided with the distribution. Publication is not required when
    36                           ;        this file is used in an embedded application.
    37                           ; 
    38                           ;     3. Microchip's name may not be used to endorse or promote products derived from th
      +                          is
    39                           ;        software without specific prior written permission.
    40                           ; 
    41                           ; THIS SOFTWARE IS PROVIDED BY MICROCHIP "AS IS" AND ANY EXPRESS OR IMPLIED WARRANTIES,
    42                           ; INCLUDING, BUT NOT LIMITED TO, THE IMPLIED WARRANTIES OF MERCHANTABILITY AND FITNESS F
      +                          OR
    43                           ; PURPOSE ARE DISCLAIMED.  IN NO EVENT SHALL MICROCHIP BE LIABLE FOR ANY DIRECT, INDIREC
      +                          T,
    44                           ; INCIDENTAL, SPECIAL, EXEMPLARY, OR CONSEQUENTIAL DAMAGES (INCLUDING BUT NOT LIMITED TO
    45                           ; PROCUREMENT OF SUBSTITUTE GOODS OR SERVICES; LOSS OF USE, DATA OR PROFITS; OR BUSINESS
    46                           ; INTERRUPTION) HOWSOEVER CAUSED AND ON ANY THEORY OF LIABILITY, WHETHER IN CONTRACT, ST
      +                          RICT
    47                           ; LIABILITY, OR TORT (INCLUDING NEGLIGENCE OR OTHERWISE) ARISING IN ANY WAY OUT OF THE U
      +                          SE OF
    48                           ; THIS SOFTWARE, EVEN IF ADVISED OF THE POSSIBILITY OF SUCH DAMAGE.
    49                           ; 
    50                           ; 
    51                           ; Code-generator required, PIC16F887 Definitions
    52                           ; 
    53                           ; SFR Addresses
    54     0000                     	;# 
    55     0001                     	;# 
    56     0002                     	;# 
    57     0003                     	;# 
    58     0004                     	;# 
    59     0005                     	;# 
    60     0006                     	;# 
    61     0007                     	;# 
    62     0008                     	;# 
    63     0009                     	;# 
    64     000A                     	;# 
    65     000B                     	;# 
    66     000C                     	;# 
    67     000D                     	;# 
    68     000E                     	;# 
    69     000E                     	;# 
    70     000F                     	;# 
    71     0010                     	;# 
    72     0011                     	;# 
    73     0012                     	;# 
    74     0013                     	;# 
    75     0014                     	;# 
    76     0015                     	;# 
    77     0015                     	;# 
    78     0016                     	;# 
    79     0017                     	;# 
    80     0018                     	;# 
    81     0019                     	;# 
    82     001A                     	;# 
    83     001B                     	;# 
    84     001B                     	;# 
    85     001C                     	;# 
    86     001D                     	;# 
    87     001E                     	;# 
    88     001F                     	;# 
    89     0081                     	;# 
    90     0085                     	;# 
    91     0086                     	;# 
    92     0087                     	;# 
    93     0088                     	;# 
    94     0089                     	;# 
    95     008C                     	;# 
    96     008D                     	;# 
    97     008E                     	;# 
    98     008F                     	;# 
    99     0090                     	;# 
   100     0091                     	;# 
   101     0092                     	;# 
   102     0093                     	;# 
   103     0093                     	;# 
   104     0093                     	;# 
   105     0094                     	;# 
   106     0095                     	;# 
   107     0096                     	;# 
   108     0097                     	;# 
   109     0098                     	;# 
   110     0099                     	;# 
   111     009A                     	;# 
   112     009B                     	;# 
   113     009C                     	;# 
   114     009D                     	;# 
   115     009E                     	;# 
   116     009F                     	;# 
   117     0105                     	;# 
   118     0107                     	;# 
   119     0108                     	;# 
   120     0109                     	;# 
   121     010C                     	;# 
   122     010C                     	;# 
   123     010D                     	;# 
   124     010E                     	;# 
   125     010F                     	;# 
   126     0185                     	;# 
   127     0187                     	;# 
   128     0188                     	;# 
   129     0189                     	;# 
   130     018C                     	;# 
   131     018D                     	;# 
   132     0000                     	;# 
   133     0001                     	;# 
   134     0002                     	;# 
   135     0003                     	;# 
   136     0004                     	;# 
   137     0005                     	;# 
   138     0006                     	;# 
   139     0007                     	;# 
   140     0008                     	;# 
   141     0009                     	;# 
   142     000A                     	;# 
   143     000B                     	;# 
   144     000C                     	;# 
   145     000D                     	;# 
   146     000E                     	;# 
   147     000E                     	;# 
   148     000F                     	;# 
   149     0010                     	;# 
   150     0011                     	;# 
   151     0012                     	;# 
   152     0013                     	;# 
   153     0014                     	;# 
   154     0015                     	;# 
   155     0015                     	;# 
   156     0016                     	;# 
   157     0017                     	;# 
   158     0018                     	;# 
   159     0019                     	;# 
   160     001A                     	;# 
   161     001B                     	;# 
   162     001B                     	;# 
   163     001C                     	;# 
   164     001D                     	;# 
   165     001E                     	;# 
   166     001F                     	;# 
   167     0081                     	;# 
   168     0085                     	;# 
   169     0086                     	;# 
   170     0087                     	;# 
   171     0088                     	;# 
   172     0089                     	;# 
   173     008C                     	;# 
   174     008D                     	;# 
   175     008E                     	;# 
   176     008F                     	;# 
   177     0090                     	;# 
   178     0091                     	;# 
   179     0092                     	;# 
   180     0093                     	;# 
   181     0093                     	;# 
   182     0093                     	;# 
   183     0094                     	;# 
   184     0095                     	;# 
   185     0096                     	;# 
   186     0097                     	;# 
   187     0098                     	;# 
   188     0099                     	;# 
   189     009A                     	;# 
   190     009B                     	;# 
   191     009C                     	;# 
   192     009D                     	;# 
   193     009E                     	;# 
   194     009F                     	;# 
   195     0105                     	;# 
   196     0107                     	;# 
   197     0108                     	;# 
   198     0109                     	;# 
   199     010C                     	;# 
   200     010C                     	;# 
   201     010D                     	;# 
   202     010E                     	;# 
   203     010F                     	;# 
   204     0185                     	;# 
   205     0187                     	;# 
   206     0188                     	;# 
   207     0189                     	;# 
   208     018C                     	;# 
   209     018D                     	;# 
   210     0000                     	;# 
   211     0001                     	;# 
   212     0002                     	;# 
   213     0003                     	;# 
   214     0004                     	;# 
   215     0005                     	;# 
   216     0006                     	;# 
   217     0007                     	;# 
   218     0008                     	;# 
   219     0009                     	;# 
   220     000A                     	;# 
   221     000B                     	;# 
   222     000C                     	;# 
   223     000D                     	;# 
   224     000E                     	;# 
   225     000E                     	;# 
   226     000F                     	;# 
   227     0010                     	;# 
   228     0011                     	;# 
   229     0012                     	;# 
   230     0013                     	;# 
   231     0014                     	;# 
   232     0015                     	;# 
   233     0015                     	;# 
   234     0016                     	;# 
   235     0017                     	;# 
   236     0018                     	;# 
   237     0019                     	;# 
   238     001A                     	;# 
   239     001B                     	;# 
   240     001B                     	;# 
   241     001C                     	;# 
   242     001D                     	;# 
   243     001E                     	;# 
   244     001F                     	;# 
   245     0081                     	;# 
   246     0085                     	;# 
   247     0086                     	;# 
   248     0087                     	;# 
   249     0088                     	;# 
   250     0089                     	;# 
   251     008C                     	;# 
   252     008D                     	;# 
   253     008E                     	;# 
   254     008F                     	;# 
   255     0090                     	;# 
   256     0091                     	;# 
   257     0092                     	;# 
   258     0093                     	;# 
   259     0093                     	;# 
   260     0093                     	;# 
   261     0094                     	;# 
   262     0095                     	;# 
   263     0096                     	;# 
   264     0097                     	;# 
   265     0098                     	;# 
   266     0099                     	;# 
   267     009A                     	;# 
   268     009B                     	;# 
   269     009C                     	;# 
   270     009D                     	;# 
   271     009E                     	;# 
   272     009F                     	;# 
   273     0105                     	;# 
   274     0107                     	;# 
   275     0108                     	;# 
   276     0109                     	;# 
   277     010C                     	;# 
   278     010C                     	;# 
   279     010D                     	;# 
   280     010E                     	;# 
   281     010F                     	;# 
   282     0185                     	;# 
   283     0187                     	;# 
   284     0188                     	;# 
   285     0189                     	;# 
   286     018C                     	;# 
   287     018D                     	;# 
   288     0000                     	;# 
   289     0001                     	;# 
   290     0002                     	;# 
   291     0003                     	;# 
   292     0004                     	;# 
   293     0005                     	;# 
   294     0006                     	;# 
   295     0007                     	;# 
   296     0008                     	;# 
   297     0009                     	;# 
   298     000A                     	;# 
   299     000B                     	;# 
   300     000C                     	;# 
   301     000D                     	;# 
   302     000E                     	;# 
   303     000E                     	;# 
   304     000F                     	;# 
   305     0010                     	;# 
   306     0011                     	;# 
   307     0012                     	;# 
   308     0013                     	;# 
   309     0014                     	;# 
   310     0015                     	;# 
   311     0015                     	;# 
   312     0016                     	;# 
   313     0017                     	;# 
   314     0018                     	;# 
   315     0019                     	;# 
   316     001A                     	;# 
   317     001B                     	;# 
   318     001B                     	;# 
   319     001C                     	;# 
   320     001D                     	;# 
   321     001E                     	;# 
   322     001F                     	;# 
   323     0081                     	;# 
   324     0085                     	;# 
   325     0086                     	;# 
   326     0087                     	;# 
   327     0088                     	;# 
   328     0089                     	;# 
   329     008C                     	;# 
   330     008D                     	;# 
   331     008E                     	;# 
   332     008F                     	;# 
   333     0090                     	;# 
   334     0091                     	;# 
   335     0092                     	;# 
   336     0093                     	;# 
   337     0093                     	;# 
   338     0093                     	;# 
   339     0094                     	;# 
   340     0095                     	;# 
   341     0096                     	;# 
   342     0097                     	;# 
   343     0098                     	;# 
   344     0099                     	;# 
   345     009A                     	;# 
   346     009B                     	;# 
   347     009C                     	;# 
   348     009D                     	;# 
   349     009E                     	;# 
   350     009F                     	;# 
   351     0105                     	;# 
   352     0107                     	;# 
   353     0108                     	;# 
   354     0109                     	;# 
   355     010C                     	;# 
   356     010C                     	;# 
   357     010D                     	;# 
   358     010E                     	;# 
   359     010F                     	;# 
   360     0185                     	;# 
   361     0187                     	;# 
   362     0188                     	;# 
   363     0189                     	;# 
   364     018C                     	;# 
   365     018D                     	;# 
   366     0000                     	;# 
   367     0001                     	;# 
   368     0002                     	;# 
   369     0003                     	;# 
   370     0004                     	;# 
   371     0005                     	;# 
   372     0006                     	;# 
   373     0007                     	;# 
   374     0008                     	;# 
   375     0009                     	;# 
   376     000A                     	;# 
   377     000B                     	;# 
   378     000C                     	;# 
   379     000D                     	;# 
   380     000E                     	;# 
   381     000E                     	;# 
   382     000F                     	;# 
   383     0010                     	;# 
   384     0011                     	;# 
   385     0012                     	;# 
   386     0013                     	;# 
   387     0014                     	;# 
   388     0015                     	;# 
   389     0015                     	;# 
   390     0016                     	;# 
   391     0017                     	;# 
   392     0018                     	;# 
   393     0019                     	;# 
   394     001A                     	;# 
   395     001B                     	;# 
   396     001B                     	;# 
   397     001C                     	;# 
   398     001D                     	;# 
   399     001E                     	;# 
   400     001F                     	;# 
   401     0081                     	;# 
   402     0085                     	;# 
   403     0086                     	;# 
   404     0087                     	;# 
   405     0088                     	;# 
   406     0089                     	;# 
   407     008C                     	;# 
   408     008D                     	;# 
   409     008E                     	;# 
   410     008F                     	;# 
   411     0090                     	;# 
   412     0091                     	;# 
   413     0092                     	;# 
   414     0093                     	;# 
   415     0093                     	;# 
   416     0093                     	;# 
   417     0094                     	;# 
   418     0095                     	;# 
   419     0096                     	;# 
   420     0097                     	;# 
   421     0098                     	;# 
   422     0099                     	;# 
   423     009A                     	;# 
   424     009B                     	;# 
   425     009C                     	;# 
   426     009D                     	;# 
   427     009E                     	;# 
   428     009F                     	;# 
   429     0105                     	;# 
   430     0107                     	;# 
   431     0108                     	;# 
   432     0109                     	;# 
   433     010C                     	;# 
   434     010C                     	;# 
   435     010D                     	;# 
   436     010E                     	;# 
   437     010F                     	;# 
   438     0185                     	;# 
   439     0187                     	;# 
   440     0188                     	;# 
   441     0189                     	;# 
   442     018C                     	;# 
   443     018D                     	;# 
   444     001E                     _ADRESH	set	30
   445     0006                     _PORTB	set	6
   446     0008                     _PORTD	set	8
   447     0014                     _SSPCONbits	set	20
   448     000C                     _PIR1bits	set	12
   449     001F                     _ADCON0bits	set	31
   450     0013                     _SSPBUF	set	19
   451     0014                     _SSPCON	set	20
   452     0066                     _ADIF	set	102
   453     0063                     _SSPIF	set	99
   454     005E                     _PEIE	set	94
   455     005F                     _GIE	set	95
   456     0088                     _TRISD	set	136
   457     0086                     _TRISB	set	134
   458     0094                     _SSPSTATbits	set	148
   459     008F                     _OSCCONbits	set	143
   460     009F                     _ADCON1bits	set	159
   461     0085                     _TRISAbits	set	133
   462     0091                     _SSPCON2bits	set	145
   463     0087                     _TRISCbits	set	135
   464     0094                     _SSPSTAT	set	148
   465     0093                     _SSPADD	set	147
   466     0091                     _SSPCON2	set	145
   467     04A0                     _BF	set	1184
   468     0463                     _SSPIE	set	1123
   469     043C                     _TRISC4	set	1084
   470     043B                     _TRISC3	set	1083
   471     0189                     _ANSELH	set	393
   472     0188                     _ANSEL	set	392
   473     0188                     _ANSELbits	set	392
   474                           
   475                           	psect	cinit
   476     000F                     start_initialization:	
   477                           ; #config settings
   478                           
   479     000F                     __initialization:
   480                           
   481                           ; Clear objects allocated to COMMON
   482     000F  01F6               	clrf	__pbssCOMMON& (0+127)
   483     0010  01F7               	clrf	(__pbssCOMMON+1)& (0+127)
   484     0011                     end_of_initialization:	
   485                           ;End of C runtime variable initialization code
   486                           
   487     0011                     __end_of__initialization:
   488     0011  0183               	clrf	3
   489     0012  120A  118A  2917   	ljmp	_main	;jump to C main() function
   490                           
   491                           	psect	bssCOMMON
   492     0076                     __pbssCOMMON:
   493     0076                     _dato:
   494     0076                     	ds	1
   495     0077                     _z:
   496     0077                     	ds	1
   497                           
   498                           	psect	cstackCOMMON
   499     0070                     __pcstackCOMMON:
   500     0070                     ?_setup:
   501     0070                     ?_I2C_Slave_Init:	
   502                           ; 1 bytes @ 0x0
   503                           
   504     0070                     ?_setupADC:	
   505                           ; 1 bytes @ 0x0
   506                           
   507     0070                     ?_readADC:	
   508                           ; 1 bytes @ 0x0
   509                           
   510     0070                     ?_setupINTOSC:	
   511                           ; 1 bytes @ 0x0
   512                           
   513     0070                     ?_isr:	
   514                           ; 1 bytes @ 0x0
   515                           
   516     0070                     ??_isr:	
   517                           ; 1 bytes @ 0x0
   518                           
   519     0070                     ?_main:	
   520                           ; 1 bytes @ 0x0
   521                           
   522                           
   523                           ; 1 bytes @ 0x0
   524     0070                     	ds	3
   525     0073                     ??_I2C_Slave_Init:
   526     0073                     ??_setupADC:	
   527                           ; 1 bytes @ 0x3
   528                           
   529     0073                     ??_readADC:	
   530                           ; 1 bytes @ 0x3
   531                           
   532     0073                     ??_setupINTOSC:	
   533                           ; 1 bytes @ 0x3
   534                           
   535     0073                     I2C_Slave_Init@address:	
   536                           ; 1 bytes @ 0x3
   537                           
   538                           
   539                           ; 1 bytes @ 0x3
   540     0073                     	ds	1
   541     0074                     setupADC@canal:
   542     0074                     setupINTOSC@F:	
   543                           ; 1 bytes @ 0x4
   544                           
   545                           
   546                           ; 1 bytes @ 0x4
   547     0074                     	ds	1
   548     0075                     ??_setup:
   549     0075                     readADC@canal:	
   550                           ; 1 bytes @ 0x5
   551                           
   552                           
   553                           ; 1 bytes @ 0x5
   554     0075                     	ds	1
   555     0076                     ??_main:
   556                           
   557                           	psect	maintext
   558     0117                     __pmaintext:	
   559                           ; 1 bytes @ 0x6
   560 ;;
   561 ;;Main: autosize = 0, tempsize = 0, incstack = 0, save=0
   562 ;;
   563 ;; *************** function _main *****************
   564 ;; Defined at:
   565 ;;		line 104 in file "main_S.c"
   566 ;; Parameters:    Size  Location     Type
   567 ;;		None
   568 ;; Auto vars:     Size  Location     Type
   569 ;;		None
   570 ;; Return value:  Size  Location     Type
   571 ;;                  1    wreg      void 
   572 ;; Registers used:
   573 ;;		wreg, status,2, status,0, pclath, cstack
   574 ;; Tracked objects:
   575 ;;		On entry : B00/0
   576 ;;		On exit  : 0/0
   577 ;;		Unchanged: 0/0
   578 ;; Data sizes:     COMMON   BANK0   BANK1   BANK3   BANK2
   579 ;;      Params:         0       0       0       0       0
   580 ;;      Locals:         0       0       0       0       0
   581 ;;      Temps:          0       0       0       0       0
   582 ;;      Totals:         0       0       0       0       0
   583 ;;Total ram usage:        0 bytes
   584 ;; Hardware stack levels required when called: 3
   585 ;; This function calls:
   586 ;;		_readADC
   587 ;;		_setup
   588 ;; This function is called by:
   589 ;;		Startup code after reset
   590 ;; This function uses a non-reentrant model
   591 ;;
   592                           
   593     0117                     _main:	
   594                           ;psect for function _main
   595                           
   596     0117                     l883:	
   597                           ;incstack = 0
   598                           ; Regs used in _main: [wreg+status,2+status,0+pclath+cstack]
   599                           
   600                           
   601                           ;main_S.c: 106:     setup();
   602     0117  120A  118A  20DE  120A  118A  	fcall	_setup
   603     011C                     l151:	
   604                           ;main_S.c: 108:     while(1){
   605                           
   606                           
   607                           ;main_S.c: 110:         readADC(0);
   608     011C  3000               	movlw	0
   609     011D  120A  118A  2072  120A  118A  	fcall	_readADC
   610     0122                     l885:
   611                           
   612                           ;main_S.c: 111:         PORTB = ADRESH;
   613     0122  1283               	bcf	3,5	;RP0=0, select bank0
   614     0123  1303               	bcf	3,6	;RP1=0, select bank0
   615     0124  081E               	movf	30,w	;volatile
   616     0125  0086               	movwf	6	;volatile
   617     0126  291C               	goto	l151
   618     0127  120A  118A  280C   	ljmp	start
   619     012A                     __end_of_main:
   620                           
   621                           	psect	text1
   622     00DE                     __ptext1:	
   623 ;; *************** function _setup *****************
   624 ;; Defined at:
   625 ;;		line 121 in file "main_S.c"
   626 ;; Parameters:    Size  Location     Type
   627 ;;		None
   628 ;; Auto vars:     Size  Location     Type
   629 ;;		None
   630 ;; Return value:  Size  Location     Type
   631 ;;                  1    wreg      void 
   632 ;; Registers used:
   633 ;;		wreg, status,2, status,0, pclath, cstack
   634 ;; Tracked objects:
   635 ;;		On entry : 0/0
   636 ;;		On exit  : 0/0
   637 ;;		Unchanged: 0/0
   638 ;; Data sizes:     COMMON   BANK0   BANK1   BANK3   BANK2
   639 ;;      Params:         0       0       0       0       0
   640 ;;      Locals:         0       0       0       0       0
   641 ;;      Temps:          0       0       0       0       0
   642 ;;      Totals:         0       0       0       0       0
   643 ;;Total ram usage:        0 bytes
   644 ;; Hardware stack levels used: 1
   645 ;; Hardware stack levels required when called: 2
   646 ;; This function calls:
   647 ;;		_I2C_Slave_Init
   648 ;;		_setupADC
   649 ;;		_setupINTOSC
   650 ;; This function is called by:
   651 ;;		_main
   652 ;; This function uses a non-reentrant model
   653 ;;
   654                           
   655     00DE                     _setup:	
   656                           ;psect for function _setup
   657                           
   658     00DE                     l801:	
   659                           ;incstack = 0
   660                           ; Regs used in _setup: [wreg+status,2+status,0+pclath+cstack]
   661                           
   662                           
   663                           ;main_S.c: 122:     ANSEL = 0;
   664     00DE  1683               	bsf	3,5	;RP0=1, select bank3
   665     00DF  1703               	bsf	3,6	;RP1=1, select bank3
   666     00E0  0188               	clrf	8	;volatile
   667                           
   668                           ;main_S.c: 123:     ANSELH = 0;
   669     00E1  0189               	clrf	9	;volatile
   670                           
   671                           ;main_S.c: 125:     TRISB = 0;
   672     00E2  1683               	bsf	3,5	;RP0=1, select bank1
   673     00E3  1303               	bcf	3,6	;RP1=0, select bank1
   674     00E4  0186               	clrf	6	;volatile
   675                           
   676                           ;main_S.c: 126:     TRISD = 0;
   677     00E5  0188               	clrf	8	;volatile
   678                           
   679                           ;main_S.c: 128:     PORTB = 0;
   680     00E6  1283               	bcf	3,5	;RP0=0, select bank0
   681     00E7  1303               	bcf	3,6	;RP1=0, select bank0
   682     00E8  0186               	clrf	6	;volatile
   683                           
   684                           ;main_S.c: 129:     PORTD = 0;
   685     00E9  0188               	clrf	8	;volatile
   686     00EA                     l803:
   687                           
   688                           ;main_S.c: 131:     I2C_Slave_Init(0x10);
   689     00EA  3010               	movlw	16
   690     00EB  120A  118A  20FD  120A  118A  	fcall	_I2C_Slave_Init
   691     00F0                     l805:
   692                           
   693                           ;main_S.c: 132:     setupINTOSC(FOSC_8MHZ);
   694     00F0  3007               	movlw	7
   695     00F1  120A  118A  212A  120A  118A  	fcall	_setupINTOSC
   696     00F6                     l807:
   697                           
   698                           ;main_S.c: 133:     setupADC(0);
   699     00F6  3000               	movlw	0
   700     00F7  120A  118A  20B2  120A  118A  	fcall	_setupADC
   701     00FC                     l157:
   702     00FC  0008               	return
   703     00FD                     __end_of_setup:
   704                           
   705                           	psect	text2
   706     012A                     __ptext2:	
   707 ;; *************** function _setupINTOSC *****************
   708 ;; Defined at:
   709 ;;		line 11 in file "configINTOSC.c"
   710 ;; Parameters:    Size  Location     Type
   711 ;;  F               1    wreg     enum E1292
   712 ;; Auto vars:     Size  Location     Type
   713 ;;  F               1    4[COMMON] enum E1292
   714 ;; Return value:  Size  Location     Type
   715 ;;                  1    wreg      void 
   716 ;; Registers used:
   717 ;;		wreg, status,2, status,0
   718 ;; Tracked objects:
   719 ;;		On entry : 0/0
   720 ;;		On exit  : 0/0
   721 ;;		Unchanged: 0/0
   722 ;; Data sizes:     COMMON   BANK0   BANK1   BANK3   BANK2
   723 ;;      Params:         0       0       0       0       0
   724 ;;      Locals:         1       0       0       0       0
   725 ;;      Temps:          1       0       0       0       0
   726 ;;      Totals:         2       0       0       0       0
   727 ;;Total ram usage:        2 bytes
   728 ;; Hardware stack levels used: 1
   729 ;; Hardware stack levels required when called: 1
   730 ;; This function calls:
   731 ;;		Nothing
   732 ;; This function is called by:
   733 ;;		_setup
   734 ;; This function uses a non-reentrant model
   735 ;;
   736                           
   737     012A                     _setupINTOSC:	
   738                           ;psect for function _setupINTOSC
   739                           
   740                           
   741                           ;incstack = 0
   742                           ; Regs used in _setupINTOSC: [wreg+status,2+status,0]
   743                           ;setupINTOSC@F stored from wreg
   744     012A  00F4               	movwf	setupINTOSC@F
   745     012B                     l773:
   746                           
   747                           ;configINTOSC.c: 13:     OSCCONbits.IRCF = F ;
   748     012B  0874               	movf	setupINTOSC@F,w
   749     012C  00F3               	movwf	??_setupINTOSC
   750     012D  0EF3               	swapf	??_setupINTOSC,f
   751     012E  1683               	bsf	3,5	;RP0=1, select bank1
   752     012F  1303               	bcf	3,6	;RP1=0, select bank1
   753     0130  080F               	movf	15,w	;volatile
   754     0131  0673               	xorwf	??_setupINTOSC,w
   755     0132  398F               	andlw	-113
   756     0133  0673               	xorwf	??_setupINTOSC,w
   757     0134  008F               	movwf	15	;volatile
   758     0135                     l775:
   759                           
   760                           ;configINTOSC.c: 14:     OSCCONbits.SCS = 1;
   761     0135  140F               	bsf	15,0	;volatile
   762     0136                     l88:
   763     0136  0008               	return
   764     0137                     __end_of_setupINTOSC:
   765                           
   766                           	psect	text3
   767     00B2                     __ptext3:	
   768 ;; *************** function _setupADC *****************
   769 ;; Defined at:
   770 ;;		line 13 in file "configADC.c"
   771 ;; Parameters:    Size  Location     Type
   772 ;;  canal           1    wreg     unsigned char 
   773 ;; Auto vars:     Size  Location     Type
   774 ;;  canal           1    4[COMMON] unsigned char 
   775 ;; Return value:  Size  Location     Type
   776 ;;                  1    wreg      void 
   777 ;; Registers used:
   778 ;;		wreg, status,2, status,0
   779 ;; Tracked objects:
   780 ;;		On entry : 0/0
   781 ;;		On exit  : 0/0
   782 ;;		Unchanged: 0/0
   783 ;; Data sizes:     COMMON   BANK0   BANK1   BANK3   BANK2
   784 ;;      Params:         0       0       0       0       0
   785 ;;      Locals:         1       0       0       0       0
   786 ;;      Temps:          1       0       0       0       0
   787 ;;      Totals:         2       0       0       0       0
   788 ;;Total ram usage:        2 bytes
   789 ;; Hardware stack levels used: 1
   790 ;; Hardware stack levels required when called: 1
   791 ;; This function calls:
   792 ;;		Nothing
   793 ;; This function is called by:
   794 ;;		_setup
   795 ;; This function uses a non-reentrant model
   796 ;;
   797                           
   798     00B2                     _setupADC:	
   799                           ;psect for function _setupADC
   800                           
   801                           
   802                           ;incstack = 0
   803                           ; Regs used in _setupADC: [wreg+status,2+status,0]
   804                           ;setupADC@canal stored from wreg
   805     00B2  00F4               	movwf	setupADC@canal
   806     00B3                     l763:
   807                           
   808                           ;configADC.c: 17:     if(canal == 0)
   809     00B3  0874               	movf	setupADC@canal,w
   810     00B4  1D03               	btfss	3,2
   811     00B5  28B7               	goto	u11
   812     00B6  28B8               	goto	u10
   813     00B7                     u11:
   814     00B7  28BE               	goto	l767
   815     00B8                     u10:
   816     00B8                     l765:
   817                           
   818                           ;configADC.c: 18:     {;configADC.c: 19:     TRISAbits.TRISA0 = 1;
   819     00B8  1683               	bsf	3,5	;RP0=1, select bank1
   820     00B9  1303               	bcf	3,6	;RP1=0, select bank1
   821     00BA  1405               	bsf	5,0	;volatile
   822                           
   823                           ;configADC.c: 20:     ANSELbits.ANS0 = 1;
   824     00BB  1683               	bsf	3,5	;RP0=1, select bank3
   825     00BC  1703               	bsf	3,6	;RP1=1, select bank3
   826     00BD  1408               	bsf	8,0	;volatile
   827     00BE                     l767:
   828                           
   829                           ;configADC.c: 23:     if(canal == 1)
   830     00BE  0374               	decf	setupADC@canal,w
   831     00BF  1D03               	btfss	3,2
   832     00C0  28C2               	goto	u21
   833     00C1  28C3               	goto	u20
   834     00C2                     u21:
   835     00C2  28C9               	goto	l71
   836     00C3                     u20:
   837     00C3                     l769:
   838                           
   839                           ;configADC.c: 24:     {;configADC.c: 25:     TRISAbits.TRISA1 = 1;
   840     00C3  1683               	bsf	3,5	;RP0=1, select bank1
   841     00C4  1303               	bcf	3,6	;RP1=0, select bank1
   842     00C5  1485               	bsf	5,1	;volatile
   843                           
   844                           ;configADC.c: 26:     ANSELbits.ANS1 = 1;
   845     00C6  1683               	bsf	3,5	;RP0=1, select bank3
   846     00C7  1703               	bsf	3,6	;RP1=1, select bank3
   847     00C8  1488               	bsf	8,1	;volatile
   848     00C9                     l71:	
   849                           ;configADC.c: 27:     }
   850                           
   851                           
   852                           ;configADC.c: 31:     ADCON0bits.ADCS0 = 1;
   853     00C9  1283               	bcf	3,5	;RP0=0, select bank0
   854     00CA  1303               	bcf	3,6	;RP1=0, select bank0
   855     00CB  171F               	bsf	31,6	;volatile
   856                           
   857                           ;configADC.c: 32:     ADCON0bits.ADCS1 = 0;
   858     00CC  139F               	bcf	31,7	;volatile
   859                           
   860                           ;configADC.c: 34:     ADCON1bits.VCFG0 = 0;
   861     00CD  1683               	bsf	3,5	;RP0=1, select bank1
   862     00CE  1303               	bcf	3,6	;RP1=0, select bank1
   863     00CF  121F               	bcf	31,4	;volatile
   864                           
   865                           ;configADC.c: 35:     ADCON1bits.VCFG1 = 0;
   866     00D0  129F               	bcf	31,5	;volatile
   867                           
   868                           ;configADC.c: 37:     ADCON1bits.ADFM = 0;
   869     00D1  139F               	bcf	31,7	;volatile
   870                           
   871                           ;configADC.c: 39:     ADCON0bits.CHS0 = 0;
   872     00D2  1283               	bcf	3,5	;RP0=0, select bank0
   873     00D3  1303               	bcf	3,6	;RP1=0, select bank0
   874     00D4  111F               	bcf	31,2	;volatile
   875                           
   876                           ;configADC.c: 40:     ADCON0bits.CHS1 = 0;
   877     00D5  119F               	bcf	31,3	;volatile
   878                           
   879                           ;configADC.c: 41:     ADCON0bits.CHS2 = 0;
   880     00D6  121F               	bcf	31,4	;volatile
   881                           
   882                           ;configADC.c: 42:     ADCON0bits.CHS3 = 0;
   883     00D7  129F               	bcf	31,5	;volatile
   884                           
   885                           ;configADC.c: 44:     ADCON0bits.ADON = 1;
   886     00D8  141F               	bsf	31,0	;volatile
   887     00D9                     l771:
   888                           
   889                           ;configADC.c: 46:     _delay((unsigned long)((100)*(4000000/4000000.0)));
   890     00D9  3021               	movlw	33
   891     00DA  00F3               	movwf	??_setupADC
   892     00DB                     u207:
   893     00DB  0BF3               	decfsz	??_setupADC,f
   894     00DC  28DB               	goto	u207
   895     00DD                     l72:
   896     00DD  0008               	return
   897     00DE                     __end_of_setupADC:
   898                           
   899                           	psect	text4
   900     00FD                     __ptext4:	
   901 ;; *************** function _I2C_Slave_Init *****************
   902 ;; Defined at:
   903 ;;		line 90 in file "configI2C.c"
   904 ;; Parameters:    Size  Location     Type
   905 ;;  address         1    wreg     unsigned char 
   906 ;; Auto vars:     Size  Location     Type
   907 ;;  address         1    3[COMMON] unsigned char 
   908 ;; Return value:  Size  Location     Type
   909 ;;                  1    wreg      void 
   910 ;; Registers used:
   911 ;;		wreg
   912 ;; Tracked objects:
   913 ;;		On entry : 0/0
   914 ;;		On exit  : 0/0
   915 ;;		Unchanged: 0/0
   916 ;; Data sizes:     COMMON   BANK0   BANK1   BANK3   BANK2
   917 ;;      Params:         0       0       0       0       0
   918 ;;      Locals:         1       0       0       0       0
   919 ;;      Temps:          0       0       0       0       0
   920 ;;      Totals:         1       0       0       0       0
   921 ;;Total ram usage:        1 bytes
   922 ;; Hardware stack levels used: 1
   923 ;; Hardware stack levels required when called: 1
   924 ;; This function calls:
   925 ;;		Nothing
   926 ;; This function is called by:
   927 ;;		_setup
   928 ;; This function uses a non-reentrant model
   929 ;;
   930                           
   931     00FD                     _I2C_Slave_Init:	
   932                           ;psect for function _I2C_Slave_Init
   933                           
   934                           
   935                           ;incstack = 0
   936                           ; Regs used in _I2C_Slave_Init: [wreg]
   937                           ;I2C_Slave_Init@address stored from wreg
   938     00FD  00F3               	movwf	I2C_Slave_Init@address
   939     00FE                     l749:
   940                           
   941                           ;configI2C.c: 90: void I2C_Slave_Init(uint8_t address);configI2C.c: 91: {;configI2C.c: 9
      +                          2:     SSPADD = address;
   942     00FE  0873               	movf	I2C_Slave_Init@address,w
   943     00FF  1683               	bsf	3,5	;RP0=1, select bank1
   944     0100  1303               	bcf	3,6	;RP1=0, select bank1
   945     0101  0093               	movwf	19	;volatile
   946                           
   947                           ;configI2C.c: 93:     SSPCON = 0x36;
   948     0102  3036               	movlw	54
   949     0103  1283               	bcf	3,5	;RP0=0, select bank0
   950     0104  1303               	bcf	3,6	;RP1=0, select bank0
   951     0105  0094               	movwf	20	;volatile
   952                           
   953                           ;configI2C.c: 94:     SSPSTAT = 0x80;
   954     0106  3080               	movlw	128
   955     0107  1683               	bsf	3,5	;RP0=1, select bank1
   956     0108  1303               	bcf	3,6	;RP1=0, select bank1
   957     0109  0094               	movwf	20	;volatile
   958                           
   959                           ;configI2C.c: 95:     SSPCON2 = 0x01;
   960     010A  3001               	movlw	1
   961     010B  0091               	movwf	17	;volatile
   962     010C                     l751:
   963                           
   964                           ;configI2C.c: 96:     TRISC3 = 1;
   965     010C  1587               	bsf	7,3	;volatile
   966     010D                     l753:
   967                           
   968                           ;configI2C.c: 97:     TRISC4 = 1;
   969     010D  1607               	bsf	7,4	;volatile
   970     010E                     l755:
   971                           
   972                           ;configI2C.c: 98:     GIE = 1;
   973     010E  178B               	bsf	11,7	;volatile
   974     010F                     l757:
   975                           
   976                           ;configI2C.c: 99:     PEIE = 1;
   977     010F  170B               	bsf	11,6	;volatile
   978     0110                     l759:
   979                           
   980                           ;configI2C.c: 100:     SSPIF = 0;
   981     0110  1283               	bcf	3,5	;RP0=0, select bank0
   982     0111  1303               	bcf	3,6	;RP1=0, select bank0
   983     0112  118C               	bcf	12,3	;volatile
   984     0113                     l761:
   985                           
   986                           ;configI2C.c: 101:     SSPIE = 1;
   987     0113  1683               	bsf	3,5	;RP0=1, select bank1
   988     0114  1303               	bcf	3,6	;RP1=0, select bank1
   989     0115  158C               	bsf	12,3	;volatile
   990     0116                     l55:
   991     0116  0008               	return
   992     0117                     __end_of_I2C_Slave_Init:
   993                           
   994                           	psect	text5
   995     0072                     __ptext5:	
   996 ;; *************** function _readADC *****************
   997 ;; Defined at:
   998 ;;		line 49 in file "configADC.c"
   999 ;; Parameters:    Size  Location     Type
  1000 ;;  canal           1    wreg     unsigned char 
  1001 ;; Auto vars:     Size  Location     Type
  1002 ;;  canal           1    5[COMMON] unsigned char 
  1003 ;; Return value:  Size  Location     Type
  1004 ;;                  1    wreg      void 
  1005 ;; Registers used:
  1006 ;;		wreg, status,2, status,0
  1007 ;; Tracked objects:
  1008 ;;		On entry : 0/0
  1009 ;;		On exit  : 0/0
  1010 ;;		Unchanged: 0/0
  1011 ;; Data sizes:     COMMON   BANK0   BANK1   BANK3   BANK2
  1012 ;;      Params:         0       0       0       0       0
  1013 ;;      Locals:         1       0       0       0       0
  1014 ;;      Temps:          2       0       0       0       0
  1015 ;;      Totals:         3       0       0       0       0
  1016 ;;Total ram usage:        3 bytes
  1017 ;; Hardware stack levels used: 1
  1018 ;; Hardware stack levels required when called: 1
  1019 ;; This function calls:
  1020 ;;		Nothing
  1021 ;; This function is called by:
  1022 ;;		_main
  1023 ;; This function uses a non-reentrant model
  1024 ;;
  1025                           
  1026     0072                     _readADC:	
  1027                           ;psect for function _readADC
  1028                           
  1029                           
  1030                           ;incstack = 0
  1031                           ; Regs used in _readADC: [wreg+status,2+status,0]
  1032                           ;readADC@canal stored from wreg
  1033     0072  00F5               	movwf	readADC@canal
  1034     0073                     l781:
  1035                           
  1036                           ;configADC.c: 51:     if(canal == 0)
  1037     0073  0875               	movf	readADC@canal,w
  1038     0074  1D03               	btfss	3,2
  1039     0075  2877               	goto	u51
  1040     0076  2878               	goto	u50
  1041     0077                     u51:
  1042     0077  2891               	goto	l791
  1043     0078                     u50:
  1044     0078                     l783:
  1045                           
  1046                           ;configADC.c: 52:     {;configADC.c: 53:     ADCON0bits.CHS = 0b0000;
  1047     0078  30C3               	movlw	-61
  1048     0079  1283               	bcf	3,5	;RP0=0, select bank0
  1049     007A  1303               	bcf	3,6	;RP1=0, select bank0
  1050     007B  059F               	andwf	31,f	;volatile
  1051     007C                     l785:
  1052                           
  1053                           ;configADC.c: 55:     _delay((unsigned long)((100)*(4000000/4000000.0)));
  1054     007C  3021               	movlw	33
  1055     007D  00F3               	movwf	??_readADC
  1056     007E                     u217:
  1057     007E  0BF3               	decfsz	??_readADC,f
  1058     007F  287E               	goto	u217
  1059     0080                     l787:
  1060                           
  1061                           ;configADC.c: 57:     ADCON0bits.GO = 1;
  1062     0080  1283               	bcf	3,5	;RP0=0, select bank0
  1063     0081  1303               	bcf	3,6	;RP1=0, select bank0
  1064     0082  149F               	bsf	31,1	;volatile
  1065     0083                     l76:	
  1066                           ;configADC.c: 58:     while (ADCON0bits.GO == 1){};
  1067                           
  1068     0083  189F               	btfsc	31,1	;volatile
  1069     0084  2886               	goto	u61
  1070     0085  2887               	goto	u60
  1071     0086                     u61:
  1072     0086  2883               	goto	l76
  1073     0087                     u60:
  1074     0087                     l78:
  1075                           
  1076                           ;configADC.c: 59:     ADIF = 0;
  1077     0087  130C               	bcf	12,6	;volatile
  1078     0088                     l789:
  1079                           
  1080                           ;configADC.c: 60:     _delay((unsigned long)((10)*(4000000/4000.0)));
  1081     0088  300D               	movlw	13
  1082     0089  00F4               	movwf	??_readADC+1
  1083     008A  30FB               	movlw	251
  1084     008B  00F3               	movwf	??_readADC
  1085     008C                     u227:
  1086     008C  0BF3               	decfsz	??_readADC,f
  1087     008D  288C               	goto	u227
  1088     008E  0BF4               	decfsz	??_readADC+1,f
  1089     008F  288C               	goto	u227
  1090     0090  2891               	nop2
  1091     0091                     l791:
  1092                           
  1093                           ;configADC.c: 63:     if(canal == 1)
  1094     0091  0375               	decf	readADC@canal,w
  1095     0092  1D03               	btfss	3,2
  1096     0093  2895               	goto	u71
  1097     0094  2896               	goto	u70
  1098     0095                     u71:
  1099     0095  28B1               	goto	l83
  1100     0096                     u70:
  1101     0096                     l793:
  1102                           
  1103                           ;configADC.c: 64:     {;configADC.c: 65:     ADCON0bits.CHS = 0b0001;
  1104     0096  1283               	bcf	3,5	;RP0=0, select bank0
  1105     0097  1303               	bcf	3,6	;RP1=0, select bank0
  1106     0098  081F               	movf	31,w	;volatile
  1107     0099  39C3               	andlw	-61
  1108     009A  3804               	iorlw	4
  1109     009B  009F               	movwf	31	;volatile
  1110     009C                     l795:
  1111                           
  1112                           ;configADC.c: 67:     _delay((unsigned long)((100)*(4000000/4000000.0)));
  1113     009C  3021               	movlw	33
  1114     009D  00F3               	movwf	??_readADC
  1115     009E                     u237:
  1116     009E  0BF3               	decfsz	??_readADC,f
  1117     009F  289E               	goto	u237
  1118     00A0                     l797:
  1119                           
  1120                           ;configADC.c: 69:     ADCON0bits.GO = 1;
  1121     00A0  1283               	bcf	3,5	;RP0=0, select bank0
  1122     00A1  1303               	bcf	3,6	;RP1=0, select bank0
  1123     00A2  149F               	bsf	31,1	;volatile
  1124     00A3                     l80:	
  1125                           ;configADC.c: 70:     while (ADCON0bits.GO == 1){};
  1126                           
  1127     00A3  189F               	btfsc	31,1	;volatile
  1128     00A4  28A6               	goto	u81
  1129     00A5  28A7               	goto	u80
  1130     00A6                     u81:
  1131     00A6  28A3               	goto	l80
  1132     00A7                     u80:
  1133     00A7                     l82:
  1134                           
  1135                           ;configADC.c: 71:     ADIF = 0;
  1136     00A7  130C               	bcf	12,6	;volatile
  1137     00A8                     l799:
  1138                           
  1139                           ;configADC.c: 72:     _delay((unsigned long)((10)*(4000000/4000.0)));
  1140     00A8  300D               	movlw	13
  1141     00A9  00F4               	movwf	??_readADC+1
  1142     00AA  30FB               	movlw	251
  1143     00AB  00F3               	movwf	??_readADC
  1144     00AC                     u247:
  1145     00AC  0BF3               	decfsz	??_readADC,f
  1146     00AD  28AC               	goto	u247
  1147     00AE  0BF4               	decfsz	??_readADC+1,f
  1148     00AF  28AC               	goto	u247
  1149     00B0  28B1               	nop2
  1150     00B1                     l83:
  1151     00B1  0008               	return
  1152     00B2                     __end_of_readADC:
  1153                           
  1154                           	psect	text6
  1155     0015                     __ptext6:	
  1156 ;; *************** function _isr *****************
  1157 ;; Defined at:
  1158 ;;		line 68 in file "main_S.c"
  1159 ;; Parameters:    Size  Location     Type
  1160 ;;		None
  1161 ;; Auto vars:     Size  Location     Type
  1162 ;;		None
  1163 ;; Return value:  Size  Location     Type
  1164 ;;                  1    wreg      void 
  1165 ;; Registers used:
  1166 ;;		wreg
  1167 ;; Tracked objects:
  1168 ;;		On entry : 0/0
  1169 ;;		On exit  : 0/0
  1170 ;;		Unchanged: 0/0
  1171 ;; Data sizes:     COMMON   BANK0   BANK1   BANK3   BANK2
  1172 ;;      Params:         0       0       0       0       0
  1173 ;;      Locals:         0       0       0       0       0
  1174 ;;      Temps:          3       0       0       0       0
  1175 ;;      Totals:         3       0       0       0       0
  1176 ;;Total ram usage:        3 bytes
  1177 ;; Hardware stack levels used: 1
  1178 ;; This function calls:
  1179 ;;		Nothing
  1180 ;; This function is called by:
  1181 ;;		Interrupt level 1
  1182 ;; This function uses a non-reentrant model
  1183 ;;
  1184                           
  1185     0015                     _isr:	
  1186                           ;psect for function _isr
  1187                           
  1188     0015                     i1l849:
  1189                           
  1190                           ;main_S.c: 70:     if(PIR1bits.SSPIF == 1){
  1191     0015  1283               	bcf	3,5	;RP0=0, select bank0
  1192     0016  1303               	bcf	3,6	;RP1=0, select bank0
  1193     0017  1D8C               	btfss	12,3	;volatile
  1194     0018  281A               	goto	u11_21
  1195     0019  281B               	goto	u11_20
  1196     001A                     u11_21:
  1197     001A  286B               	goto	i1l146
  1198     001B                     u11_20:
  1199     001B                     i1l851:
  1200                           
  1201                           ;main_S.c: 72:         SSPCONbits.CKP = 0;
  1202     001B  1214               	bcf	20,4	;volatile
  1203                           
  1204                           ;main_S.c: 74:         if ((SSPCONbits.SSPOV) || (SSPCONbits.WCOL)){
  1205     001C  1B14               	btfsc	20,6	;volatile
  1206     001D  281F               	goto	u12_21
  1207     001E  2820               	goto	u12_20
  1208     001F                     u12_21:
  1209     001F  2824               	goto	i1l855
  1210     0020                     u12_20:
  1211     0020                     i1l853:
  1212     0020  1F94               	btfss	20,7	;volatile
  1213     0021  2823               	goto	u13_21
  1214     0022  2824               	goto	u13_20
  1215     0023                     u13_21:
  1216     0023  2829               	goto	i1l863
  1217     0024                     u13_20:
  1218     0024                     i1l855:
  1219                           
  1220                           ;main_S.c: 75:             z = SSPBUF;
  1221     0024  0813               	movf	19,w	;volatile
  1222     0025  00F7               	movwf	_z
  1223     0026                     i1l857:
  1224                           
  1225                           ;main_S.c: 76:             SSPCONbits.SSPOV = 0;
  1226     0026  1314               	bcf	20,6	;volatile
  1227     0027                     i1l859:
  1228                           
  1229                           ;main_S.c: 77:             SSPCONbits.WCOL = 0;
  1230     0027  1394               	bcf	20,7	;volatile
  1231     0028                     i1l861:
  1232                           
  1233                           ;main_S.c: 78:             SSPCONbits.CKP = 1;
  1234     0028  1614               	bsf	20,4	;volatile
  1235     0029                     i1l863:
  1236                           
  1237                           ;main_S.c: 81:         if(!SSPSTATbits.D_nA && !SSPSTATbits.R_nW) {
  1238     0029  1683               	bsf	3,5	;RP0=1, select bank1
  1239     002A  1303               	bcf	3,6	;RP1=0, select bank1
  1240     002B  1A94               	btfsc	20,5	;volatile
  1241     002C  282E               	goto	u14_21
  1242     002D  282F               	goto	u14_20
  1243     002E                     u14_21:
  1244     002E  2849               	goto	i1l137
  1245     002F                     u14_20:
  1246     002F                     i1l865:
  1247     002F  1914               	btfsc	20,2	;volatile
  1248     0030  2832               	goto	u15_21
  1249     0031  2833               	goto	u15_20
  1250     0032                     u15_21:
  1251     0032  2849               	goto	i1l137
  1252     0033                     u15_20:
  1253     0033                     i1l867:
  1254                           
  1255                           ;main_S.c: 83:             z = SSPBUF;
  1256     0033  1283               	bcf	3,5	;RP0=0, select bank0
  1257     0034  1303               	bcf	3,6	;RP1=0, select bank0
  1258     0035  0813               	movf	19,w	;volatile
  1259     0036  00F7               	movwf	_z
  1260     0037                     i1l869:
  1261                           
  1262                           ;main_S.c: 85:             PIR1bits.SSPIF = 0;
  1263     0037  118C               	bcf	12,3	;volatile
  1264     0038                     i1l871:
  1265                           
  1266                           ;main_S.c: 86:             SSPCONbits.CKP = 1;
  1267     0038  1614               	bsf	20,4	;volatile
  1268     0039                     i1l138:	
  1269                           ;main_S.c: 87:             while(!SSPSTATbits.BF);
  1270                           
  1271     0039  1683               	bsf	3,5	;RP0=1, select bank1
  1272     003A  1303               	bcf	3,6	;RP1=0, select bank1
  1273     003B  1C14               	btfss	20,0	;volatile
  1274     003C  283E               	goto	u16_21
  1275     003D  283F               	goto	u16_20
  1276     003E                     u16_21:
  1277     003E  2839               	goto	i1l138
  1278     003F                     u16_20:
  1279     003F                     i1l873:
  1280                           
  1281                           ;main_S.c: 88:             PORTD = SSPBUF;
  1282     003F  1283               	bcf	3,5	;RP0=0, select bank0
  1283     0040  1303               	bcf	3,6	;RP1=0, select bank0
  1284     0041  0813               	movf	19,w	;volatile
  1285     0042  0088               	movwf	8	;volatile
  1286                           
  1287                           ;main_S.c: 89:             _delay((unsigned long)((250)*(8000000/4000000.0)));
  1288     0043  30A6               	movlw	166
  1289     0044  00F0               	movwf	??_isr
  1290     0045                     u25_27:
  1291     0045  0BF0               	decfsz	??_isr,f
  1292     0046  2845               	goto	u25_27
  1293     0047  0000               	nop
  1294                           
  1295                           ;main_S.c: 91:         }else if(!SSPSTATbits.D_nA && SSPSTATbits.R_nW){
  1296     0048  2868               	goto	i1l141
  1297     0049                     i1l137:
  1298     0049  1A94               	btfsc	20,5	;volatile
  1299     004A  284C               	goto	u17_21
  1300     004B  284D               	goto	u17_20
  1301     004C                     u17_21:
  1302     004C  2868               	goto	i1l141
  1303     004D                     u17_20:
  1304     004D                     i1l875:
  1305     004D  1D14               	btfss	20,2	;volatile
  1306     004E  2850               	goto	u18_21
  1307     004F  2851               	goto	u18_20
  1308     0050                     u18_21:
  1309     0050  2868               	goto	i1l141
  1310     0051                     u18_20:
  1311     0051                     i1l877:
  1312                           
  1313                           ;main_S.c: 92:             z = SSPBUF;
  1314     0051  1283               	bcf	3,5	;RP0=0, select bank0
  1315     0052  1303               	bcf	3,6	;RP1=0, select bank0
  1316     0053  0813               	movf	19,w	;volatile
  1317     0054  00F7               	movwf	_z
  1318     0055                     i1l879:
  1319                           
  1320                           ;main_S.c: 93:             BF = 0;
  1321     0055  1683               	bsf	3,5	;RP0=1, select bank1
  1322     0056  1303               	bcf	3,6	;RP1=0, select bank1
  1323     0057  1014               	bcf	20,0	;volatile
  1324                           
  1325                           ;main_S.c: 94:             SSPBUF = PORTB;
  1326     0058  1283               	bcf	3,5	;RP0=0, select bank0
  1327     0059  1303               	bcf	3,6	;RP1=0, select bank0
  1328     005A  0806               	movf	6,w	;volatile
  1329     005B  0093               	movwf	19	;volatile
  1330     005C                     i1l881:
  1331                           
  1332                           ;main_S.c: 95:             SSPCONbits.CKP = 1;
  1333     005C  1614               	bsf	20,4	;volatile
  1334                           
  1335                           ;main_S.c: 96:             _delay((unsigned long)((250)*(8000000/4000000.0)));
  1336     005D  30A6               	movlw	166
  1337     005E  00F0               	movwf	??_isr
  1338     005F                     u26_27:
  1339     005F  0BF0               	decfsz	??_isr,f
  1340     0060  285F               	goto	u26_27
  1341     0061  0000               	nop
  1342     0062                     i1l143:	
  1343                           ;main_S.c: 97:             while(SSPSTATbits.BF);
  1344                           
  1345     0062  1683               	bsf	3,5	;RP0=1, select bank1
  1346     0063  1303               	bcf	3,6	;RP1=0, select bank1
  1347     0064  1814               	btfsc	20,0	;volatile
  1348     0065  2867               	goto	u19_21
  1349     0066  2868               	goto	u19_20
  1350     0067                     u19_21:
  1351     0067  2862               	goto	i1l143
  1352     0068                     u19_20:
  1353     0068                     i1l141:
  1354                           
  1355                           ;main_S.c: 100:         PIR1bits.SSPIF = 0;
  1356     0068  1283               	bcf	3,5	;RP0=0, select bank0
  1357     0069  1303               	bcf	3,6	;RP1=0, select bank0
  1358     006A  118C               	bcf	12,3	;volatile
  1359     006B                     i1l146:
  1360     006B  0872               	movf	??_isr+2,w
  1361     006C  008A               	movwf	10
  1362     006D  0E71               	swapf	??_isr+1,w
  1363     006E  0083               	movwf	3
  1364     006F  0EFE               	swapf	btemp,f
  1365     0070  0E7E               	swapf	btemp,w
  1366     0071  0009               	retfie
  1367     0072                     __end_of_isr:
  1368     007E                     btemp	set	126	;btemp
  1369     007E                     wtemp0	set	126
  1370                           
  1371                           	psect	intentry
  1372     0004                     __pintentry:	
  1373                           ;incstack = 0
  1374                           ; Regs used in _isr: [wreg]
  1375                           
  1376     0004                     interrupt_function:
  1377     007E                     saved_w	set	btemp
  1378     0004  00FE               	movwf	btemp
  1379     0005  0E03               	swapf	3,w
  1380     0006  00F1               	movwf	??_isr+1
  1381     0007  080A               	movf	10,w
  1382     0008  00F2               	movwf	??_isr+2
  1383     0009  120A  118A  2815   	ljmp	_isr
  1384                           
  1385                           	psect	idloc
  1386                           
  1387                           ;Config register IDLOC0 @ 0x2000
  1388                           ;	unspecified, using default values
  1389     2000                     	org	8192
  1390     2000  3FFF               	dw	16383
  1391                           
  1392                           ;Config register IDLOC1 @ 0x2001
  1393                           ;	unspecified, using default values
  1394     2001                     	org	8193
  1395     2001  3FFF               	dw	16383
  1396                           
  1397                           ;Config register IDLOC2 @ 0x2002
  1398                           ;	unspecified, using default values
  1399     2002                     	org	8194
  1400     2002  3FFF               	dw	16383
  1401                           
  1402                           ;Config register IDLOC3 @ 0x2003
  1403                           ;	unspecified, using default values
  1404     2003                     	org	8195
  1405     2003  3FFF               	dw	16383
  1406                           
  1407                           	psect	config
  1408                           
  1409                           ;Config register CONFIG1 @ 0x2007
  1410                           ;	Oscillator Selection bits
  1411                           ;	FOSC = INTRC_NOCLKOUT, INTOSCIO oscillator: I/O function on RA6/OSC2/CLKOUT pin, I/O f
      +                          unction on RA7/OSC1/CLKIN
  1412                           ;	Watchdog Timer Enable bit
  1413                           ;	WDTE = OFF, WDT disabled and can be enabled by SWDTEN bit of the WDTCON register
  1414                           ;	Power-up Timer Enable bit
  1415                           ;	PWRTE = OFF, PWRT disabled
  1416                           ;	RE3/MCLR pin function select bit
  1417                           ;	MCLRE = OFF, RE3/MCLR pin function is digital input, MCLR internally tied to VDD
  1418                           ;	Code Protection bit
  1419                           ;	CP = OFF, Program memory code protection is disabled
  1420                           ;	Data Code Protection bit
  1421                           ;	CPD = OFF, Data memory code protection is disabled
  1422                           ;	Brown Out Reset Selection bits
  1423                           ;	BOREN = OFF, BOR disabled
  1424                           ;	Internal External Switchover bit
  1425                           ;	IESO = OFF, Internal/External Switchover mode is disabled
  1426                           ;	Fail-Safe Clock Monitor Enabled bit
  1427                           ;	FCMEN = OFF, Fail-Safe Clock Monitor is disabled
  1428                           ;	Low Voltage Programming Enable bit
  1429                           ;	LVP = OFF, RB3 pin has digital I/O, HV on MCLR must be used for programming
  1430                           ;	In-Circuit Debugger Mode bit
  1431                           ;	DEBUG = 0x1, unprogramme  1432     2007                     	org	8199
  1433     2007  20D4               	dw	8404
  1434                           
  1435                           ;Config register CONFIG2 @ 0x2008
  1436                           ;	Brown-out Reset Selection bit
  1437                           ;	BOR4V = BOR40V, Brown-out Reset set to 4.0V
  1438                           ;	Flash Program Memory Self Write Enable bits
  1439                           ;	WRT = OFF, Write protection off
  1440     2008                     	org	8200
  1441     2008  3FFF               	dw	16383

Data Sizes:
    Strings     0
    Constant    0
    Data        0
    BSS         2
    Persistent  0
    Stack       0

Auto Spaces:
    Space          Size  Autos    Used
    COMMON           14      6       8
    BANK0            80      0       0
    BANK1            80      0       0
    BANK3            96      0       0
    BANK2            96      0       0

Pointer List with Targets:

    None.

Critical Paths under _main in COMMON

    _main->_readADC
    _setup->_setupADC
    _setup->_setupINTOSC

Critical Paths under _isr in COMMON

    None.

Critical Paths under _main in BANK0

    None.

Critical Paths under _isr in BANK0

    None.

Critical Paths under _main in BANK1

    None.

Critical Paths under _isr in BANK1

    None.

Critical Paths under _main in BANK3

    None.

Critical Paths under _isr in BANK3

    None.

Critical Paths under _main in BANK2

    None.

Critical Paths under _isr in BANK2

    None.

Call Graph Tables:

 ---------------------------------------------------------------------------------
 (Depth) Function   	        Calls       Base Space   Used Autos Params    Refs
 ---------------------------------------------------------------------------------
 (0) _main                                                 0     0      0      90
                            _readADC
                              _setup
 ---------------------------------------------------------------------------------
 (1) _setup                                                0     0      0      60
                     _I2C_Slave_Init
                           _setupADC
                        _setupINTOSC
 ---------------------------------------------------------------------------------
 (2) _setupINTOSC                                          2     2      0      15
                                              3 COMMON     2     2      0
 ---------------------------------------------------------------------------------
 (2) _setupADC                                             2     2      0      30
                                              3 COMMON     2     2      0
 ---------------------------------------------------------------------------------
 (2) _I2C_Slave_Init                                       1     1      0      15
                                              3 COMMON     1     1      0
 ---------------------------------------------------------------------------------
 (1) _readADC                                              3     3      0      30
                                              3 COMMON     3     3      0
 ---------------------------------------------------------------------------------
 Estimated maximum stack depth 2
 ---------------------------------------------------------------------------------
 (Depth) Function   	        Calls       Base Space   Used Autos Params    Refs
 ---------------------------------------------------------------------------------
 (3) _isr                                                  3     3      0       0
                                              0 COMMON     3     3      0
 ---------------------------------------------------------------------------------
 Estimated maximum stack depth 3
 ---------------------------------------------------------------------------------

 Call Graph Graphs:

 _main (ROOT)
   _readADC
   _setup
     _I2C_Slave_Init
     _setupADC
     _setupINTOSC

 _isr (ROOT)

 Address spaces:
Name               Size   Autos  Total    Cost      Usage
BITCOMMON            E      0       0       0        0.0%
EEDATA             100      0       0       0        0.0%
NULL                 0      0       0       0        0.0%
CODE                 0      0       0       0        0.0%
COMMON               E      6       8       1       57.1%
BITSFR0              0      0       0       1        0.0%
SFR0                 0      0       0       1        0.0%
BITSFR1              0      0       0       2        0.0%
SFR1                 0      0       0       2        0.0%
STACK                0      0       0       2        0.0%
ABS                  0      0       8       3        0.0%
BITBANK0            50      0       0       4        0.0%
BITSFR3              0      0       0       4        0.0%
SFR3                 0      0       0       4        0.0%
BANK0               50      0       0       5        0.0%
BITSFR2              0      0       0       5        0.0%
SFR2                 0      0       0       5        0.0%
BITBANK1            50      0       0       6        0.0%
BANK1               50      0       0       7        0.0%
BITBANK3            60      0       0       8        0.0%
BANK3               60      0       0       9        0.0%
BITBANK2            60      0       0      10        0.0%
BANK2               60      0       0      11        0.0%
DATA                 0      0       8      12        0.0%


Microchip Technology PIC Macro Assembler V2.40 build 20220703182018 
Symbol Table                                                                                   Fri Feb 10 12:49:56 2023

                      _z 0077              _SSPSTATbits 0094                       _BF 04A0  
                     l55 0116                       l71 00C9                       l80 00A3  
                     l72 00DD                       l82 00A7                       l83 00B1  
                     l76 0083                       l78 0087                       l88 0136  
                     u10 00B8                       u11 00B7                       u20 00C3  
                     u21 00C2                       u50 0078                       u51 0077  
                     u60 0087                       u61 0086                       u70 0096  
                     u71 0095                       u80 00A7                       u81 00A6  
                    l151 011C                      l157 00FC                      l801 00DE  
                    l803 00EA                      l805 00F0                      l751 010C  
                    l807 00F6                      l761 0113                      l753 010D  
                    l755 010E                      l771 00D9                      l763 00B3  
                    l781 0073                      l757 010F                      l749 00FE  
                    l765 00B8                      l773 012B                      l783 0078  
                    l791 0091                      l759 0110                      l767 00BE  
                    l775 0135                      l793 0096                      l785 007C  
                    l769 00C3                      l795 009C                      l787 0080  
                    l883 0117                      l797 00A0                      l789 0088  
                    l885 0122                      l799 00A8                      _GIE 005F  
                    u207 00DB                      u217 007E                      u227 008C  
                    u237 009E                      u247 00AC                      _isr 0015  
                   _ADIF 0066                     ?_isr 0070                     _PEIE 005E  
                   _dato 0076                     _main 0117                     btemp 007E  
                   start 000C                    ??_isr 0070                    ?_main 0070  
                  _ANSEL 0188                    i1l141 0068                    i1l143 0062  
                  i1l137 0049                    i1l138 0039                    i1l146 006B  
                  i1l851 001B                    i1l861 0028                    i1l853 0020  
                  i1l871 0038                    i1l863 0029                    i1l855 0024  
                  i1l881 005C                    i1l873 003F                    i1l865 002F  
                  i1l857 0026                    i1l849 0015                    i1l875 004D  
                  i1l867 0033                    i1l859 0027                    i1l877 0051  
                  i1l869 0037                    i1l879 0055                    u11_20 001B  
                  u11_21 001A                    u12_20 0020                    u12_21 001F  
                  u13_20 0024                    u13_21 0023                    u14_20 002F  
                  u14_21 002E                    u15_20 0033                    u15_21 0032  
                  u16_20 003F                    u16_21 003E                    u17_20 004D  
                  u17_21 004C                    u25_27 0045                    u18_20 0051  
                  u18_21 0050                    u26_27 005F                    u19_20 0068  
                  u19_21 0067                    _PORTB 0006                    _PORTD 0008  
                  _TRISB 0086                    _TRISD 0088                    _SSPIE 0463  
                  _SSPIF 0063          __end_of_readADC 00B2                    _setup 00DE  
                  pclath 000A                    status 0003                    wtemp0 007E  
        __initialization 000F             __end_of_main 012A                   ??_main 0076  
                 _ADRESH 001E                   ?_setup 0070                   _ANSELH 0189  
                 _SSPADD 0093                   _TRISC3 043B                   _TRISC4 043C  
                 _SSPCON 0014                   _SSPBUF 0013             readADC@canal 0075  
           ?_setupINTOSC 0070                ??_readADC 0073         __end_of_setupADC 00DE  
                 saved_w 007E  __end_of__initialization 0011           __pcstackCOMMON 0070  
          __end_of_setup 00FD                  ??_setup 0075    I2C_Slave_Init@address 0073  
             __pmaintext 0117               __pintentry 0004                  _SSPCON2 0091  
                _SSPSTAT 0094                ?_setupADC 0070                _ANSELbits 0188  
                __ptext1 00DE                  __ptext2 012A                  __ptext3 00B2  
                __ptext4 00FD                  __ptext5 0072                  __ptext6 0015  
                _readADC 0072     end_of_initialization 0011               ??_setupADC 0073  
         _I2C_Slave_Init 00FD                _TRISAbits 0085                _TRISCbits 0087  
 __end_of_I2C_Slave_Init 0117      start_initialization 000F              __end_of_isr 0072  
        ?_I2C_Slave_Init 0070              __pbssCOMMON 0076                ___latbits 0002  
               ?_readADC 0070        interrupt_function 0004                 _PIR1bits 000C  
             _ADCON0bits 001F               _ADCON1bits 009F            ??_setupINTOSC 0073  
    __end_of_setupINTOSC 0137            setupADC@canal 0074         ??_I2C_Slave_Init 0073  
               _setupADC 00B2                 intlevel1 0000               _OSCCONbits 008F  
            _setupINTOSC 012A             setupINTOSC@F 0074              _SSPCON2bits 0091  
             _SSPCONbits 0014  
